# JRE version: OpenJDK Runtime Environment (17.0.6) (build 17.0.6+0-b2043.56-10027231)
# Java VM: OpenJDK 64-Bit Server VM (17.0.6+0-b2043.56-10027231, mixed mode, tiered, compressed oops, compressed class ptrs, g1 gc, windows-amd64)
GC Precious Log:
 CPUs: 8 total, 8 available
 Memory: 20174M
 Large Page Support: Disabled
 NUMA Support: Disabled
 Compressed Oops: Enabled (32-bit)
 Heap Region Size: 1M
 Heap Min Capacity: 8M
 Heap Initial Capacity: 316M
 Heap Max Capacity: 2G
 Pre-touch: Disabled
 Parallel Workers: 8
 Concurrent Workers: 2
 Concurrent Refinement Workers: 8
 Periodic GC: Disabled
Heap:
 garbage-first heap   total 417792K, used 269388K [0x0000000080000000, 0x0000000100000000)
  region size 1024K, 1 young (1024K), 1 survivors (1024K)
 Metaspace       used 124180K, committed 124928K, reserved 1163264K
  class space    used 16895K, committed 17280K, reserved 1048576K
GC Heap History (20 events):
Event: 41.729 GC heap after
{Heap after GC invocations=70 (full 0):
 garbage-first heap   total 417792K, used 204088K [0x0000000080000000, 0x0000000100000000)
  region size 1024K, 6 young (6144K), 6 survivors (6144K)
 Metaspace       used 119233K, committed 120000K, reserved 1155072K
  class space    used 16270K, committed 16640K, reserved 1048576K
}
Event: 43.966 GC heap before
{Heap before GC invocations=70 (full 0):
 garbage-first heap   total 417792K, used 356664K [0x0000000080000000, 0x0000000100000000)
  region size 1024K, 156 young (159744K), 6 survivors (6144K)
 Metaspace       used 120437K, committed 121280K, reserved 1155072K
  class space    used 16429K, committed 16832K, reserved 1048576K
}
Event: 43.980 GC heap after
{Heap after GC invocations=71 (full 0):
 garbage-first heap   total 417792K, used 211420K [0x0000000080000000, 0x0000000100000000)
  region size 1024K, 13 young (13312K), 13 survivors (13312K)
 Metaspace       used 120437K, committed 121280K, reserved 1155072K
  class space    used 16429K, committed 16832K, reserved 1048576K
}
Event: 45.330 GC heap before
{Heap before GC invocations=71 (full 0):
 garbage-first heap   total 417792K, used 355804K [0x0000000080000000, 0x0000000100000000)
  region size 1024K, 151 young (154624K), 13 survivors (13312K)
 Metaspace       used 121532K, committed 122304K, reserved 1155072K
  class space    used 16579K, committed 16960K, reserved 1048576K
}
Event: 45.355 GC heap after
{Heap after GC invocations=72 (full 0):
 garbage-first heap   total 417792K, used 232484K [0x0000000080000000, 0x0000000100000000)
  region size 1024K, 19 young (19456K), 19 survivors (19456K)
 Metaspace       used 121532K, committed 122304K, reserved 1155072K
  class space    used 16579K, committed 16960K, reserved 1048576K
}
Event: 47.346 GC heap before
{Heap before GC invocations=72 (full 0):
 garbage-first heap   total 417792K, used 345124K [0x0000000080000000, 0x0000000100000000)
  region size 1024K, 129 young (132096K), 19 survivors (19456K)
 Metaspace       used 121679K, committed 122432K, reserved 1155072K
  class space    used 16585K, committed 16960K, reserved 1048576K
}
Event: 47.362 GC heap after
{Heap after GC invocations=73 (full 0):
 garbage-first heap   total 417792K, used 237482K [0x0000000080000000, 0x0000000100000000)
  region size 1024K, 13 young (13312K), 13 survivors (13312K)
 Metaspace       used 121679K, committed 122432K, reserved 1155072K
  class space    used 16585K, committed 16960K, reserved 1048576K
}
Event: 49.196 GC heap before
{Heap before GC invocations=73 (full 0):
 garbage-first heap   total 417792K, used 343978K [0x0000000080000000, 0x0000000100000000)
  region size 1024K, 117 young (119808K), 13 survivors (13312K)
 Metaspace       used 122634K, committed 123392K, reserved 1163264K
  class space    used 16699K, committed 17088K, reserved 1048576K
}
Event: 49.205 GC heap after
{Heap after GC invocations=74 (full 0):
 garbage-first heap   total 417792K, used 241980K [0x0000000080000000, 0x0000000100000000)
  region size 1024K, 9 young (9216K), 9 survivors (9216K)
 Metaspace       used 122634K, committed 123392K, reserved 1163264K
  class space    used 16699K, committed 17088K, reserved 1048576K
}
Event: 49.595 GC heap before
{Heap before GC invocations=74 (full 0):
 garbage-first heap   total 417792K, used 290108K [0x0000000080000000, 0x0000000100000000)
  region size 1024K, 22 young (22528K), 9 survivors (9216K)
 Metaspace       used 124180K, committed 124928K, reserved 1163264K
  class space    used 16895K, committed 17280K, reserved 1048576K
}
Event: 49.601 GC heap after
{Heap after GC invocations=75 (full 0):
 garbage-first heap   total 417792K, used 270366K [0x0000000080000000, 0x0000000100000000)
  region size 1024K, 2 young (2048K), 2 survivors (2048K)
 Metaspace       used 124180K, committed 124928K, reserved 1163264K
  class space    used 16895K, committed 17280K, reserved 1048576K
}
Event: 49.619 GC heap before
{Heap before GC invocations=75 (full 0):
 garbage-first heap   total 417792K, used 290846K [0x0000000080000000, 0x0000000100000000)
  region size 1024K, 3 young (3072K), 2 survivors (2048K)
 Metaspace       used 124180K, committed 124928K, reserved 1163264K
  class space    used 16895K, committed 17280K, reserved 1048576K
}
Event: 49.621 GC heap after
{Heap after GC invocations=76 (full 0):
 garbage-first heap   total 417792K, used 269659K [0x0000000080000000, 0x0000000100000000)
  region size 1024K, 2 young (2048K), 2 survivors (2048K)
 Metaspace       used 124180K, committed 124928K, reserved 1163264K
  class space    used 16895K, committed 17280K, reserved 1048576K
}
Event: 49.637 GC heap before
{Heap before GC invocations=76 (full 0):
 garbage-first heap   total 417792K, used 286043K [0x0000000080000000, 0x0000000100000000)
  region size 1024K, 3 young (3072K), 2 survivors (2048K)
 Metaspace       used 124180K, committed 124928K, reserved 1163264K
  class space    used 16895K, committed 17280K, reserved 1048576K
}
Event: 49.639 GC heap after
{Heap after GC invocations=77 (full 0):
 garbage-first heap   total 417792K, used 269454K [0x0000000080000000, 0x0000000100000000)
  region size 1024K, 1 young (1024K), 1 survivors (1024K)
 Metaspace       used 124180K, committed 124928K, reserved 1163264K
  class space    used 16895K, committed 17280K, reserved 1048576K
}
Event: 49.652 GC heap before
{Heap before GC invocations=77 (full 0):
 garbage-first heap   total 417792K, used 283790K [0x0000000080000000, 0x0000000100000000)
  region size 1024K, 2 young (2048K), 1 survivors (1024K)
 Metaspace       used 124180K, committed 124928K, reserved 1163264K
  class space    used 16895K, committed 17280K, reserved 1048576K
}
Event: 49.654 GC heap after
{Heap after GC invocations=78 (full 0):
 garbage-first heap   total 417792K, used 267376K [0x0000000080000000, 0x0000000100000000)
  region size 1024K, 1 young (1024K), 1 survivors (1024K)
 Metaspace       used 124180K, committed 124928K, reserved 1163264K
  class space    used 16895K, committed 17280K, reserved 1048576K
}
Event: 49.668 GC heap before
{Heap before GC invocations=78 (full 0):
 garbage-first heap   total 417792K, used 279664K [0x0000000080000000, 0x0000000100000000)
  region size 1024K, 2 young (2048K), 1 survivors (1024K)
 Metaspace       used 124180K, committed 124928K, reserved 1163264K
  class space    used 16895K, committed 17280K, reserved 1048576K
}
Event: 49.671 GC heap after
{Heap after GC invocations=79 (full 0):
 garbage-first heap   total 417792K, used 267325K [0x0000000080000000, 0x0000000100000000)
  region size 1024K, 1 young (1024K), 1 survivors (1024K)
 Metaspace       used 124180K, committed 124928K, reserved 1163264K
  class space    used 16895K, committed 17280K, reserved 1048576K
}
Event: 49.679 GC heap before
{Heap before GC invocations=79 (full 0):
 garbage-first heap   total 417792K, used 277565K [0x0000000080000000, 0x0000000100000000)
  region size 1024K, 2 young (2048K), 1 survivors (1024K)
 Metaspace       used 124180K, committed 124928K, reserved 1163264K
  class space    used 16895K, committed 17280K, reserved 1048576K
}

