# JRE version: OpenJDK Runtime Environment (17.0.6) (build 17.0.6+0-b2043.56-10027231)
# Java VM: OpenJDK 64-Bit Server VM (17.0.6+0-b2043.56-10027231, mixed mode, tiered, compressed oops, compressed class ptrs, g1 gc, windows-amd64)
GC Precious Log:
 CPUs: 8 total, 8 available
 Memory: 20174M
 Large Page Support: Disabled
 NUMA Support: Disabled
 Compressed Oops: Enabled (32-bit)
 Heap Region Size: 1M
 Heap Min Capacity: 8M
 Heap Initial Capacity: 316M
 Heap Max Capacity: 2G
 Pre-touch: Disabled
 Parallel Workers: 8
 Concurrent Workers: 2
 Concurrent Refinement Workers: 8
 Periodic GC: Disabled
Heap:
 garbage-first heap   total 410624K, used 306142K [0x0000000080000000, 0x0000000100000000)
  region size 1024K, 94 young (96256K), 10 survivors (10240K)
 Metaspace       used 119699K, committed 120512K, reserved 1155072K
  class space    used 16452K, committed 16832K, reserved 1048576K
GC Heap History (20 events):
Event: 27.406 GC heap before
{Heap before GC invocations=66 (full 0):
 garbage-first heap   total 342016K, used 293992K [0x0000000080000000, 0x0000000100000000)
  region size 1024K, 105 young (107520K), 8 survivors (8192K)
 Metaspace       used 118461K, committed 119232K, reserved 1155072K
  class space    used 16346K, committed 16768K, reserved 1048576K
}
Event: 27.415 GC heap after
{Heap after GC invocations=67 (full 0):
 garbage-first heap   total 410624K, used 196023K [0x0000000080000000, 0x0000000100000000)
  region size 1024K, 9 young (9216K), 9 survivors (9216K)
 Metaspace       used 118461K, committed 119232K, reserved 1155072K
  class space    used 16346K, committed 16768K, reserved 1048576K
}
Event: 27.850 GC heap before
{Heap before GC invocations=67 (full 0):
 garbage-first heap   total 410624K, used 355767K [0x0000000080000000, 0x0000000100000000)
  region size 1024K, 165 young (168960K), 9 survivors (9216K)
 Metaspace       used 118531K, committed 119360K, reserved 1155072K
  class space    used 16346K, committed 16768K, reserved 1048576K
}
Event: 27.865 GC heap after
{Heap after GC invocations=68 (full 0):
 garbage-first heap   total 410624K, used 200019K [0x0000000080000000, 0x0000000100000000)
  region size 1024K, 13 young (13312K), 13 survivors (13312K)
 Metaspace       used 118531K, committed 119360K, reserved 1155072K
  class space    used 16346K, committed 16768K, reserved 1048576K
}
Event: 28.238 GC heap before
{Heap before GC invocations=68 (full 0):
 garbage-first heap   total 410624K, used 352595K [0x0000000080000000, 0x0000000100000000)
  region size 1024K, 162 young (165888K), 13 survivors (13312K)
 Metaspace       used 118566K, committed 119424K, reserved 1155072K
  class space    used 16346K, committed 16768K, reserved 1048576K
}
Event: 28.250 GC heap after
{Heap after GC invocations=69 (full 0):
 garbage-first heap   total 410624K, used 201900K [0x0000000080000000, 0x0000000100000000)
  region size 1024K, 12 young (12288K), 12 survivors (12288K)
 Metaspace       used 118566K, committed 119424K, reserved 1155072K
  class space    used 16346K, committed 16768K, reserved 1048576K
}
Event: 28.558 GC heap before
{Heap before GC invocations=69 (full 0):
 garbage-first heap   total 410624K, used 353452K [0x0000000080000000, 0x0000000100000000)
  region size 1024K, 160 young (163840K), 12 survivors (12288K)
 Metaspace       used 118978K, committed 119808K, reserved 1155072K
  class space    used 16431K, committed 16832K, reserved 1048576K
}
Event: 28.570 GC heap after
{Heap after GC invocations=70 (full 0):
 garbage-first heap   total 410624K, used 206049K [0x0000000080000000, 0x0000000100000000)
  region size 1024K, 15 young (15360K), 15 survivors (15360K)
 Metaspace       used 118978K, committed 119808K, reserved 1155072K
  class space    used 16431K, committed 16832K, reserved 1048576K
}
Event: 29.045 GC heap before
{Heap before GC invocations=70 (full 0):
 garbage-first heap   total 410624K, used 351457K [0x0000000080000000, 0x0000000100000000)
  region size 1024K, 158 young (161792K), 15 survivors (15360K)
 Metaspace       used 119297K, committed 120064K, reserved 1155072K
  class space    used 16450K, committed 16832K, reserved 1048576K
}
Event: 29.056 GC heap after
{Heap after GC invocations=71 (full 0):
 garbage-first heap   total 410624K, used 204586K [0x0000000080000000, 0x0000000100000000)
  region size 1024K, 9 young (9216K), 9 survivors (9216K)
 Metaspace       used 119297K, committed 120064K, reserved 1155072K
  class space    used 16450K, committed 16832K, reserved 1048576K
}
Event: 29.534 GC heap before
{Heap before GC invocations=71 (full 0):
 garbage-first heap   total 410624K, used 351018K [0x0000000080000000, 0x0000000100000000)
  region size 1024K, 153 young (156672K), 9 survivors (9216K)
 Metaspace       used 119431K, committed 120192K, reserved 1155072K
  class space    used 16450K, committed 16832K, reserved 1048576K
}
Event: 29.542 GC heap after
{Heap after GC invocations=72 (full 0):
 garbage-first heap   total 410624K, used 205540K [0x0000000080000000, 0x0000000100000000)
  region size 1024K, 10 young (10240K), 10 survivors (10240K)
 Metaspace       used 119431K, committed 120192K, reserved 1155072K
  class space    used 16450K, committed 16832K, reserved 1048576K
}
Event: 30.271 GC heap before
{Heap before GC invocations=72 (full 0):
 garbage-first heap   total 410624K, used 354020K [0x0000000080000000, 0x0000000100000000)
  region size 1024K, 156 young (159744K), 10 survivors (10240K)
 Metaspace       used 119505K, committed 120320K, reserved 1155072K
  class space    used 16450K, committed 16832K, reserved 1048576K
}
Event: 30.282 GC heap after
{Heap after GC invocations=73 (full 0):
 garbage-first heap   total 410624K, used 206061K [0x0000000080000000, 0x0000000100000000)
  region size 1024K, 11 young (11264K), 11 survivors (11264K)
 Metaspace       used 119505K, committed 120320K, reserved 1155072K
  class space    used 16450K, committed 16832K, reserved 1048576K
}
Event: 30.987 GC heap before
{Heap before GC invocations=73 (full 0):
 garbage-first heap   total 410624K, used 355565K [0x0000000080000000, 0x0000000100000000)
  region size 1024K, 158 young (161792K), 11 survivors (11264K)
 Metaspace       used 119626K, committed 120448K, reserved 1155072K
  class space    used 16450K, committed 16832K, reserved 1048576K
}
Event: 31.002 GC heap after
{Heap after GC invocations=74 (full 0):
 garbage-first heap   total 410624K, used 213802K [0x0000000080000000, 0x0000000100000000)
  region size 1024K, 18 young (18432K), 18 survivors (18432K)
 Metaspace       used 119626K, committed 120448K, reserved 1155072K
  class space    used 16450K, committed 16832K, reserved 1048576K
}
Event: 31.763 GC heap before
{Heap before GC invocations=74 (full 0):
 garbage-first heap   total 410624K, used 348970K [0x0000000080000000, 0x0000000100000000)
  region size 1024K, 151 young (154624K), 18 survivors (18432K)
 Metaspace       used 119653K, committed 120448K, reserved 1155072K
  class space    used 16450K, committed 16832K, reserved 1048576K
}
Event: 31.781 GC heap after
{Heap after GC invocations=75 (full 0):
 garbage-first heap   total 410624K, used 218320K [0x0000000080000000, 0x0000000100000000)
  region size 1024K, 6 young (6144K), 6 survivors (6144K)
 Metaspace       used 119653K, committed 120448K, reserved 1155072K
  class space    used 16450K, committed 16832K, reserved 1048576K
}
Event: 32.799 GC heap before
{Heap before GC invocations=75 (full 0):
 garbage-first heap   total 410624K, used 350416K [0x0000000080000000, 0x0000000100000000)
  region size 1024K, 136 young (139264K), 6 survivors (6144K)
 Metaspace       used 119661K, committed 120448K, reserved 1155072K
  class space    used 16450K, committed 16832K, reserved 1048576K
}
Event: 32.808 GC heap after
{Heap after GC invocations=76 (full 0):
 garbage-first heap   total 410624K, used 222174K [0x0000000080000000, 0x0000000100000000)
  region size 1024K, 10 young (10240K), 10 survivors (10240K)
 Metaspace       used 119661K, committed 120448K, reserved 1155072K
  class space    used 16450K, committed 16832K, reserved 1048576K
}

